2021-03-15 14:31:55.832 INFO  Authentication for departure suceeded eyJhbGciOiJIUzI1NiJ9.c2Fk.HFAxJy9G2dxpA6YvGDbx_-RDLRAsgBDyv3fwpNVLiwE 
2021-03-15 14:31:56.811 INFO  Success Response of departure MA 
2021-03-15 14:39:08.822 INFO  Authentication for stations suceeded eyJhbGciOiJIUzI1NiJ9.c2Fk.HFAxJy9G2dxpA6YvGDbx_-RDLRAsgBDyv3fwpNVLiwE 
2021-03-15 14:39:11.161 INFO  Success Response of stations 
2021-03-15 14:39:16.529 INFO  Authentication for stations suceeded eyJhbGciOiJIUzI1NiJ9.YXJ2aW5kaA.oxBoPvnxTUl3bLJ5HcJcbcXxjQ4AsZRR-4aoh-k5APk 
2021-03-15 14:39:18.166 INFO  Success Response of stations 
2021-03-15 14:39:21.929 INFO  Authentication for departure suceeded eyJhbGciOiJIUzI1NiJ9.YXJ2aW5kaA.oxBoPvnxTUl3bLJ5HcJcbcXxjQ4AsZRR-4aoh-k5APk 
2021-03-15 14:39:22.556 INFO  Success Response of departure MA 
2021-03-15 15:11:57.111 INFO  Authentication for stations suceeded eyJhbGciOiJIUzI1NiJ9.QXJ2aW5kaCBIRA.Z2yXd_aFClVsILRadwMLsephnH5v5tqXusmNE2tI_2M 
2021-03-15 15:11:59.540 INFO  Success Response of stations 
2021-03-15 15:12:04.201 INFO  Authentication for departure suceeded eyJhbGciOiJIUzI1NiJ9.QXJ2aW5kaCBIRA.Z2yXd_aFClVsILRadwMLsephnH5v5tqXusmNE2tI_2M 
2021-03-15 15:12:05.006 INFO  Success Response of departure BHF 
2021-03-16 10:30:24.856 INFO  Authentication for stations suceeded eyJhbGciOiJIUzI1NiJ9.YXNk.SWfNo705W2x6SgiRxmQbwpwrpt9-CKOzqFt31i1KX5w 
2021-03-16 10:30:28.237 INFO  Success Response of stations 
2021-03-16 10:32:17.371 INFO  Authentication for stations suceeded eyJhbGciOiJIUzI1NiJ9.YXNk.SWfNo705W2x6SgiRxmQbwpwrpt9-CKOzqFt31i1KX5w 
2021-03-16 10:32:18.331 INFO  Success Response of stations 
2021-03-16 10:32:38.588 INFO  Authentication for stations suceeded eyJhbGciOiJIUzI1NiJ9.YXNk.SWfNo705W2x6SgiRxmQbwpwrpt9-CKOzqFt31i1KX5w 
2021-03-16 10:32:39.102 INFO  Success Response of stations 
2021-03-16 10:33:13.888 INFO  Authentication for stations suceeded eyJhbGciOiJIUzI1NiJ9.YXNk.SWfNo705W2x6SgiRxmQbwpwrpt9-CKOzqFt31i1KX5w 
2021-03-16 10:33:14.454 INFO  Success Response of stations 
2021-03-16 10:33:24.594 INFO  Authentication for stations suceeded eyJhbGciOiJIUzI1NiJ9.YXNk.SWfNo705W2x6SgiRxmQbwpwrpt9-CKOzqFt31i1KX5w 
2021-03-16 10:33:25.197 INFO  Success Response of stations 
2021-03-16 10:34:02.560 INFO  Authentication for stations suceeded eyJhbGciOiJIUzI1NiJ9.YXNk.SWfNo705W2x6SgiRxmQbwpwrpt9-CKOzqFt31i1KX5w 
2021-03-16 10:34:03.112 INFO  Success Response of stations 
2021-03-16 10:34:46.591 INFO  Authentication for stations suceeded eyJhbGciOiJIUzI1NiJ9.YXNk.SWfNo705W2x6SgiRxmQbwpwrpt9-CKOzqFt31i1KX5w 
2021-03-16 10:34:47.177 INFO  Success Response of stations 
2021-03-16 10:35:24.134 INFO  Authentication for stations suceeded eyJhbGciOiJIUzI1NiJ9.YXNk.SWfNo705W2x6SgiRxmQbwpwrpt9-CKOzqFt31i1KX5w 
2021-03-16 10:35:24.673 INFO  Success Response of stations 
2021-03-16 10:35:31.809 INFO  Authentication for stations suceeded eyJhbGciOiJIUzI1NiJ9.YXNk.SWfNo705W2x6SgiRxmQbwpwrpt9-CKOzqFt31i1KX5w 
2021-03-16 10:35:32.361 INFO  Success Response of stations 
2021-03-16 10:36:06.866 INFO  Authentication for stations suceeded eyJhbGciOiJIUzI1NiJ9.YXNk.SWfNo705W2x6SgiRxmQbwpwrpt9-CKOzqFt31i1KX5w 
2021-03-16 10:36:07.463 INFO  Success Response of stations 
2021-03-16 10:36:15.779 INFO  Authentication for stations suceeded eyJhbGciOiJIUzI1NiJ9.YXNk.SWfNo705W2x6SgiRxmQbwpwrpt9-CKOzqFt31i1KX5w 
2021-03-16 10:36:16.323 INFO  Success Response of stations 
2021-03-16 10:36:26.371 INFO  Authentication for stations suceeded eyJhbGciOiJIUzI1NiJ9.YXNk.SWfNo705W2x6SgiRxmQbwpwrpt9-CKOzqFt31i1KX5w 
2021-03-16 10:36:26.914 INFO  Success Response of stations 
2021-03-16 10:36:31.947 INFO  Authentication for stations suceeded eyJhbGciOiJIUzI1NiJ9.YXNk.SWfNo705W2x6SgiRxmQbwpwrpt9-CKOzqFt31i1KX5w 
2021-03-16 10:36:32.484 INFO  Success Response of stations 
2021-03-16 10:37:23.830 INFO  Authentication for stations suceeded eyJhbGciOiJIUzI1NiJ9.YXNk.SWfNo705W2x6SgiRxmQbwpwrpt9-CKOzqFt31i1KX5w 
2021-03-16 10:37:25.771 INFO  Success Response of stations 
2021-03-16 10:37:29.868 INFO  Authentication for departure suceeded eyJhbGciOiJIUzI1NiJ9.YXNk.SWfNo705W2x6SgiRxmQbwpwrpt9-CKOzqFt31i1KX5w 
2021-03-16 10:37:30.504 INFO  Success Response of departure MA 
2021-03-16 10:37:59.411 INFO  Authentication for departure suceeded eyJhbGciOiJIUzI1NiJ9.YXNk.SWfNo705W2x6SgiRxmQbwpwrpt9-CKOzqFt31i1KX5w 
2021-03-16 10:38:00.173 INFO  Success Response of departure WUPPV 
2021-03-16 10:38:01.344 INFO  Authentication for departure suceeded eyJhbGciOiJIUzI1NiJ9.YXNk.SWfNo705W2x6SgiRxmQbwpwrpt9-CKOzqFt31i1KX5w 
2021-03-16 10:38:01.963 INFO  Success Response of departure WUPPV 
2021-03-16 10:38:44.960 INFO  Authentication for stations suceeded eyJhbGciOiJIUzI1NiJ9.YXNk.SWfNo705W2x6SgiRxmQbwpwrpt9-CKOzqFt31i1KX5w 
2021-03-16 10:38:46.761 INFO  Success Response of stations 
2021-03-16 10:39:18.994 INFO  Authentication for stations suceeded eyJhbGciOiJIUzI1NiJ9.YXNk.SWfNo705W2x6SgiRxmQbwpwrpt9-CKOzqFt31i1KX5w 
2021-03-16 10:39:20.657 INFO  Success Response of stations 
2021-03-16 10:39:23.692 INFO  Authentication for stations suceeded eyJhbGciOiJIUzI1NiJ9.YXNk.SWfNo705W2x6SgiRxmQbwpwrpt9-CKOzqFt31i1KX5w 
2021-03-16 10:39:25.511 INFO  Success Response of stations 
2021-03-16 10:39:32.928 INFO  Authentication for stations suceeded eyJhbGciOiJIUzI1NiJ9.YXNk.SWfNo705W2x6SgiRxmQbwpwrpt9-CKOzqFt31i1KX5w 
2021-03-16 10:39:34.570 INFO  Success Response of stations 
2021-03-16 10:40:18.316 INFO  Authentication for stations suceeded eyJhbGciOiJIUzI1NiJ9.YXNk.SWfNo705W2x6SgiRxmQbwpwrpt9-CKOzqFt31i1KX5w 
2021-03-16 10:40:19.998 INFO  Success Response of stations 
2021-03-16 10:40:53.468 INFO  Authentication for stations suceeded eyJhbGciOiJIUzI1NiJ9.YXNk.SWfNo705W2x6SgiRxmQbwpwrpt9-CKOzqFt31i1KX5w 
2021-03-16 10:40:55.140 INFO  Success Response of stations 
2021-03-16 10:41:33.810 INFO  Authentication for stations suceeded eyJhbGciOiJIUzI1NiJ9.YXNk.SWfNo705W2x6SgiRxmQbwpwrpt9-CKOzqFt31i1KX5w 
2021-03-16 10:41:35.285 INFO  Success Response of stations 
2021-03-16 10:41:38.764 INFO  Authentication for stations suceeded eyJhbGciOiJIUzI1NiJ9.YXNk.SWfNo705W2x6SgiRxmQbwpwrpt9-CKOzqFt31i1KX5w 
2021-03-16 10:41:40.371 INFO  Success Response of stations 
2021-03-16 10:41:44.864 INFO  Authentication for departure suceeded eyJhbGciOiJIUzI1NiJ9.YXNk.SWfNo705W2x6SgiRxmQbwpwrpt9-CKOzqFt31i1KX5w 
2021-03-16 10:41:45.405 INFO  Success Response of departure MA 
2021-03-16 10:41:45.414 INFO  Authentication for departure suceeded eyJhbGciOiJIUzI1NiJ9.YXNk.SWfNo705W2x6SgiRxmQbwpwrpt9-CKOzqFt31i1KX5w 
2021-03-16 10:41:45.979 INFO  Success Response of departure MA 
2021-03-16 10:42:09.744 INFO  Authentication for departure suceeded eyJhbGciOiJIUzI1NiJ9.YXNk.SWfNo705W2x6SgiRxmQbwpwrpt9-CKOzqFt31i1KX5w 
2021-03-16 10:42:10.309 INFO  Success Response of departure MA 
2021-03-16 10:43:01.141 INFO  Authentication for stations suceeded eyJhbGciOiJIUzI1NiJ9.YXNk.SWfNo705W2x6SgiRxmQbwpwrpt9-CKOzqFt31i1KX5w 
2021-03-16 10:43:02.778 INFO  Success Response of stations 
2021-03-16 10:43:47.546 INFO  Authentication for stations suceeded eyJhbGciOiJIUzI1NiJ9.YXNk.SWfNo705W2x6SgiRxmQbwpwrpt9-CKOzqFt31i1KX5w 
2021-03-16 10:43:49.119 INFO  Success Response of stations 
2021-03-16 10:43:58.290 INFO  Authentication for departure suceeded eyJhbGciOiJIUzI1NiJ9.YXNk.SWfNo705W2x6SgiRxmQbwpwrpt9-CKOzqFt31i1KX5w 
2021-03-16 10:43:58.806 INFO  Success Response of departure KSWE 
2021-03-16 10:45:09.920 INFO  Authentication for stations suceeded eyJhbGciOiJIUzI1NiJ9.YXNk.SWfNo705W2x6SgiRxmQbwpwrpt9-CKOzqFt31i1KX5w 
2021-03-16 10:45:11.670 INFO  Success Response of stations 
2021-03-16 10:45:15.401 INFO  Authentication for departure suceeded eyJhbGciOiJIUzI1NiJ9.YXNk.SWfNo705W2x6SgiRxmQbwpwrpt9-CKOzqFt31i1KX5w 
2021-03-16 10:45:15.913 INFO  Success Response of departure MA 
2021-03-16 10:45:36.409 INFO  Authentication for stations suceeded eyJhbGciOiJIUzI1NiJ9.YXNk.SWfNo705W2x6SgiRxmQbwpwrpt9-CKOzqFt31i1KX5w 
2021-03-16 10:45:37.908 INFO  Success Response of stations 
2021-03-16 10:45:42.918 INFO  Authentication for stations suceeded eyJhbGciOiJIUzI1NiJ9.YXNk.SWfNo705W2x6SgiRxmQbwpwrpt9-CKOzqFt31i1KX5w 
2021-03-16 10:45:44.591 INFO  Success Response of stations 
2021-03-16 10:46:29.528 INFO  Authentication for stations suceeded eyJhbGciOiJIUzI1NiJ9.YXNk.SWfNo705W2x6SgiRxmQbwpwrpt9-CKOzqFt31i1KX5w 
2021-03-16 10:46:31.130 INFO  Success Response of stations 
2021-03-16 10:46:35.444 INFO  Authentication for stations suceeded eyJhbGciOiJIUzI1NiJ9.YXNk.SWfNo705W2x6SgiRxmQbwpwrpt9-CKOzqFt31i1KX5w 
2021-03-16 10:46:37.169 INFO  Success Response of stations 
2021-03-16 10:46:52.759 INFO  Authentication for stations suceeded eyJhbGciOiJIUzI1NiJ9.YXNk.SWfNo705W2x6SgiRxmQbwpwrpt9-CKOzqFt31i1KX5w 
2021-03-16 10:46:54.173 INFO  Success Response of stations 
2021-03-16 10:46:57.054 INFO  Authentication for departure suceeded eyJhbGciOiJIUzI1NiJ9.YXNk.SWfNo705W2x6SgiRxmQbwpwrpt9-CKOzqFt31i1KX5w 
2021-03-16 10:46:57.593 INFO  Success Response of departure BHF 
2021-03-16 10:47:28.059 INFO  Authentication for stations suceeded eyJhbGciOiJIUzI1NiJ9.YXNk.SWfNo705W2x6SgiRxmQbwpwrpt9-CKOzqFt31i1KX5w 
2021-03-16 10:47:29.578 INFO  Success Response of stations 
2021-03-16 10:58:58.378 INFO  Authentication for stations suceeded eyJhbGciOiJIUzI1NiJ9.YXNk.SWfNo705W2x6SgiRxmQbwpwrpt9-CKOzqFt31i1KX5w 
2021-03-16 10:59:00.492 INFO  Success Response of stations 
2021-03-16 11:02:51.913 INFO  Authentication for stations suceeded eyJhbGciOiJIUzI1NiJ9.YXJ2aW5kaA.oxBoPvnxTUl3bLJ5HcJcbcXxjQ4AsZRR-4aoh-k5APk 
2021-03-16 11:02:53.570 INFO  Success Response of stations 
2021-03-16 11:02:57.183 INFO  Authentication for departure suceeded eyJhbGciOiJIUzI1NiJ9.YXJ2aW5kaA.oxBoPvnxTUl3bLJ5HcJcbcXxjQ4AsZRR-4aoh-k5APk 
2021-03-16 11:02:57.723 INFO  Success Response of departure MA 
2021-03-16 11:04:06.263 INFO  Authentication for stations suceeded eyJhbGciOiJIUzI1NiJ9.YXJ2aW5kaA.oxBoPvnxTUl3bLJ5HcJcbcXxjQ4AsZRR-4aoh-k5APk 
2021-03-16 11:04:08.305 INFO  Success Response of stations 
2021-03-16 11:04:11.883 INFO  Authentication for departure suceeded eyJhbGciOiJIUzI1NiJ9.YXJ2aW5kaA.oxBoPvnxTUl3bLJ5HcJcbcXxjQ4AsZRR-4aoh-k5APk 
2021-03-16 11:04:12.730 INFO  Success Response of departure BHF 
